c:\users\chensiyu\source\repos\patch\patch\debug\vc142.pdb
c:\users\chensiyu\source\repos\patch\patch\debug\vc142.idb
c:\users\chensiyu\source\repos\patch\patch\debug\md5.obj
c:\users\chensiyu\source\repos\patch\patch\debug\main.obj
c:\users\chensiyu\source\repos\patch\debug\patch.pdb
c:\users\chensiyu\source\repos\patch\patch\debug\patch.tlog\cl.command.1.tlog
c:\users\chensiyu\source\repos\patch\patch\debug\patch.tlog\cl.read.1.tlog
c:\users\chensiyu\source\repos\patch\patch\debug\patch.tlog\cl.write.1.tlog
c:\users\chensiyu\source\repos\patch\patch\debug\patch.tlog\link-cvtres.read.1.tlog
c:\users\chensiyu\source\repos\patch\patch\debug\patch.tlog\link-cvtres.write.1.tlog
c:\users\chensiyu\source\repos\patch\patch\debug\patch.tlog\link-rc.read.1.tlog
c:\users\chensiyu\source\repos\patch\patch\debug\patch.tlog\link-rc.write.1.tlog
c:\users\chensiyu\source\repos\patch\patch\debug\patch.tlog\link.11152-cvtres.read.1.tlog
c:\users\chensiyu\source\repos\patch\patch\debug\patch.tlog\link.11152-cvtres.write.1.tlog
c:\users\chensiyu\source\repos\patch\patch\debug\patch.tlog\link.11152-rc.read.1.tlog
c:\users\chensiyu\source\repos\patch\patch\debug\patch.tlog\link.11152-rc.write.1.tlog
c:\users\chensiyu\source\repos\patch\patch\debug\patch.tlog\link.11152.read.1.tlog
c:\users\chensiyu\source\repos\patch\patch\debug\patch.tlog\link.11152.write.1.tlog
c:\users\chensiyu\source\repos\patch\patch\debug\patch.tlog\link.command.1.tlog
c:\users\chensiyu\source\repos\patch\patch\debug\patch.tlog\link.read.1.tlog
c:\users\chensiyu\source\repos\patch\patch\debug\patch.tlog\link.write.1.tlog
